Using pre-set license
Built from '2020.3/staging' branch; Version is '2020.3.30f1 (1fb1bf06830e) revision 2077119'; Using compiler version '192528614'; Build Type 'Release'
OS: 'Windows 10  (10.0.19043) 64bit Professional' Language: 'ko' Physical Memory: 6986 MB
BatchMode: 1, IsHumanControllingUs: 0, StartBugReporterOnCrash: 0, Is64bit: 1, IsPro: 0

COMMAND LINE ARGUMENTS:
C:\Program Files\Unity\Hub\Editor\2020.3.30f1\Editor\Unity.exe
-adb2
-batchMode
-noUpm
-name
AssetImportWorker0
-projectPath
C:/Users/home/Desktop/Project_Team_B/Zomvinter
-logFile
Logs/AssetImportWorker0.log
-srvPort
49789
Successfully changed project path to: C:/Users/home/Desktop/Project_Team_B/Zomvinter
C:/Users/home/Desktop/Project_Team_B/Zomvinter
Using Asset Import Pipeline V2.
Refreshing native plugins compatible for Editor in 48.62 ms, found 2 plugins.
Preloading 0 native plugins for Editor in 0.00 ms.
Initialize engine version: 2020.3.30f1 (1fb1bf06830e)
[Subsystems] Discovering subsystems at path C:/Program Files/Unity/Hub/Editor/2020.3.30f1/Editor/Data/Resources/UnitySubsystems
[Subsystems] Discovering subsystems at path C:/Users/home/Desktop/Project_Team_B/Zomvinter/Assets
GfxDevice: creating device client; threaded=0
Direct3D:
    Version:  Direct3D 11.0 [level 11.1]
    Renderer: AMD Radeon(TM) Graphics (ID=0x164c)
    Vendor:   
    VRAM:     3493 MB
    Driver:   30.0.13014.6006
Initialize mono
Mono path[0] = 'C:/Program Files/Unity/Hub/Editor/2020.3.30f1/Editor/Data/Managed'
Mono path[1] = 'C:/Program Files/Unity/Hub/Editor/2020.3.30f1/Editor/Data/MonoBleedingEdge/lib/mono/unityjit'
Mono config path = 'C:/Program Files/Unity/Hub/Editor/2020.3.30f1/Editor/Data/MonoBleedingEdge/etc'
Using monoOptions --debugger-agent=transport=dt_socket,embedding=1,server=y,suspend=n,address=127.0.0.1:56236
Begin MonoManager ReloadAssembly
Registering precompiled unity dll's ...
Register platform support module: C:/Program Files/Unity/Hub/Editor/2020.3.30f1/Editor/Data/PlaybackEngines/WindowsStandaloneSupport/UnityEditor.WindowsStandalone.Extensions.dll
Registered in 0.003072 seconds.
Native extension for WindowsStandalone target not found
Refreshing native plugins compatible for Editor in 34.40 ms, found 2 plugins.
Preloading 0 native plugins for Editor in 0.00 ms.
Mono: successfully reloaded assembly
- Completed reload, in  0.671 seconds
Domain Reload Profiling:
	ReloadAssembly (672ms)
		BeginReloadAssembly (117ms)
			ExecutionOrderSort (0ms)
			DisableScriptedObjects (0ms)
			BackupInstance (0ms)
			ReleaseScriptingObjects (0ms)
			CreateAndSetChildDomain (1ms)
		EndReloadAssembly (470ms)
			LoadAssemblies (114ms)
			RebuildTransferFunctionScriptingTraits (0ms)
			SetupTypeCache (149ms)
			ReleaseScriptCaches (0ms)
			RebuildScriptCaches (30ms)
			SetupLoadedEditorAssemblies (193ms)
				LogAssemblyErrors (0ms)
				InitializePlatformSupportModulesInManaged (5ms)
				SetLoadedEditorAssemblies (0ms)
				RefreshPlugins (35ms)
				BeforeProcessingInitializeOnLoad (21ms)
				ProcessInitializeOnLoadAttributes (92ms)
				ProcessInitializeOnLoadMethodAttributes (41ms)
				AfterProcessingInitializeOnLoad (0ms)
				EditorAssembliesLoaded (0ms)
			ExecutionOrderSort2 (0ms)
			AwakeInstancesAfterBackupRestoration (0ms)
Platform modules already initialized, skipping
Registering precompiled user dll's ...
Registered in 0.007367 seconds.
Begin MonoManager ReloadAssembly
Native extension for WindowsStandalone target not found
Refreshing native plugins compatible for Editor in 0.45 ms, found 2 plugins.
Preloading 0 native plugins for Editor in 0.00 ms.
Mono: successfully reloaded assembly
- Completed reload, in  1.004 seconds
Domain Reload Profiling:
	ReloadAssembly (1005ms)
		BeginReloadAssembly (145ms)
			ExecutionOrderSort (0ms)
			DisableScriptedObjects (4ms)
			BackupInstance (0ms)
			ReleaseScriptingObjects (0ms)
			CreateAndSetChildDomain (22ms)
		EndReloadAssembly (782ms)
			LoadAssemblies (101ms)
			RebuildTransferFunctionScriptingTraits (0ms)
			SetupTypeCache (267ms)
			ReleaseScriptCaches (1ms)
			RebuildScriptCaches (42ms)
			SetupLoadedEditorAssemblies (295ms)
				LogAssemblyErrors (0ms)
				InitializePlatformSupportModulesInManaged (5ms)
				SetLoadedEditorAssemblies (0ms)
				RefreshPlugins (1ms)
				BeforeProcessingInitializeOnLoad (80ms)
				ProcessInitializeOnLoadAttributes (191ms)
				ProcessInitializeOnLoadMethodAttributes (12ms)
				AfterProcessingInitializeOnLoad (5ms)
				EditorAssembliesLoaded (0ms)
			ExecutionOrderSort2 (0ms)
			AwakeInstancesAfterBackupRestoration (6ms)
Platform modules already initialized, skipping
========================================================================
Worker process is ready to serve import requests
Launched and connected shader compiler UnityShaderCompiler.exe after 0.04 seconds
Refreshing native plugins compatible for Editor in 0.40 ms, found 2 plugins.
Preloading 0 native plugins for Editor in 0.00 ms.
Unloading 1505 Unused Serialized files (Serialized files now loaded: 0)
System memory in use before: 70.3 MB.
System memory in use after: 70.4 MB.

Unloading 16 unused Assets to reduce memory usage. Loaded Objects now: 1941.
Total: 3.007800 ms (FindLiveObjects: 0.195200 ms CreateObjectMapping: 0.045400 ms MarkObjects: 2.659300 ms  DeleteObjects: 0.106100 ms)

AssetImportParameters requested are different than current active one (requested -> active):
  custom:framework-win-MediaFoundation: 216162199b28c13a410421893ffa2e32 -> 
  custom:video-decoder-ogg-theora: a1e56fd34408186e4bbccfd4996cb3dc -> 
  custom:container-muxer-webm: aa71ff27fc2769a1b78a27578f13a17b -> 
  custom:container-demuxer-webm: 4f35f7cbe854078d1ac9338744f61a02 -> 
  custom:container-demuxer-ogg: 62fdf1f143b41e24485cea50d1cbac27 -> 
  custom:video-encoder-webm-vp8: eb34c28f22e8b96e1ab97ce403110664 -> 
  custom:video-decoder-webm-vp8: 9c59270c3fd7afecdb556c50c9e8de78 -> 
  custom:audio-decoder-ogg-vorbis: bf7c407c2cedff20999df2af8eb42d56 -> 
  custom:audio-encoder-webm-vorbis: bf7c407c2cedff20999df2af8eb42d56 -> 
========================================================================
Received Import Request.
  path: Assets/Scenes/SampleScene.unity
  artifactKey: Guid(9fc0d4010bbf28b4594072e72b8655ab) Importer(815301076,1909f56bfc062723c751e8b465ee728b)
Start importing Assets/Scenes/SampleScene.unity using Guid(9fc0d4010bbf28b4594072e72b8655ab) Importer(815301076,1909f56bfc062723c751e8b465ee728b)  -> (artifact id: '436241ae45a9109886b5cb9bde87a593') in 0.013478 seconds 
========================================================================
Received Import Request.
  Time since last request: 11.988780 seconds.
  path: Assets/Prefabs/Player.prefab
  artifactKey: Guid(21c1fccfa60c22b49b28c1e9e7be3b38) Importer(815301076,1909f56bfc062723c751e8b465ee728b)
Start importing Assets/Prefabs/Player.prefab using Guid(21c1fccfa60c22b49b28c1e9e7be3b38) Importer(815301076,1909f56bfc062723c751e8b465ee728b)  -> (artifact id: '42a63e5124b0257d4a5c7069ae853f4c') in 0.038301 seconds 
========================================================================
Received Import Request.
  Time since last request: 28.800160 seconds.
  path: Assets/Model/Character
  artifactKey: Guid(a96f1bd9bab2434498e3ef6ca953729f) Importer(815301076,1909f56bfc062723c751e8b465ee728b)
Start importing Assets/Model/Character using Guid(a96f1bd9bab2434498e3ef6ca953729f) Importer(815301076,1909f56bfc062723c751e8b465ee728b)  -> (artifact id: '7273cb4f4054f472f914c80cc6f55845') in 0.001678 seconds 
========================================================================
Received Import Request.
  Time since last request: 0.406267 seconds.
  path: Assets/Model/Monster
  artifactKey: Guid(6c8ff0fefc1ac5e4caf9f2a8f5b7ea56) Importer(815301076,1909f56bfc062723c751e8b465ee728b)
Start importing Assets/Model/Monster using Guid(6c8ff0fefc1ac5e4caf9f2a8f5b7ea56) Importer(815301076,1909f56bfc062723c751e8b465ee728b)  -> (artifact id: '2c980ae3e0fd3294e3b28c60de962749') in 0.002061 seconds 
========================================================================
Received Import Request.
  Time since last request: 0.797960 seconds.
  path: Assets/Model/Monster/parasite_l_starkie.fbm
  artifactKey: Guid(f7027e58ce562574199797757a220edc) Importer(815301076,1909f56bfc062723c751e8b465ee728b)
Start importing Assets/Model/Monster/parasite_l_starkie.fbm using Guid(f7027e58ce562574199797757a220edc) Importer(815301076,1909f56bfc062723c751e8b465ee728b)  -> (artifact id: '4c0acf06acab1c9487f40ae0a862cb5f') in 0.003355 seconds 
========================================================================
Received Import Request.
  Time since last request: 4.339806 seconds.
  path: Assets/Model/Character/Ch15_nonPBR.fbm
  artifactKey: Guid(899410dc5fed8bc4b8ca44498e7fbcc6) Importer(815301076,1909f56bfc062723c751e8b465ee728b)
Start importing Assets/Model/Character/Ch15_nonPBR.fbm using Guid(899410dc5fed8bc4b8ca44498e7fbcc6) Importer(815301076,1909f56bfc062723c751e8b465ee728b)  -> (artifact id: '382321d033e086a9e9bb22f0aa9975a6') in 0.002256 seconds 
========================================================================
Received Import Request.
  Time since last request: 38.181965 seconds.
  path: Assets/Scripts/GameUtil.cs
  artifactKey: Guid(72728ead553bd1946810962588cb04ba) Importer(815301076,1909f56bfc062723c751e8b465ee728b)
Start importing Assets/Scripts/GameUtil.cs using Guid(72728ead553bd1946810962588cb04ba) Importer(815301076,1909f56bfc062723c751e8b465ee728b)  -> (artifact id: 'cd0245574883e170564cd18faa057af1') in 0.017234 seconds 
========================================================================
Received Import Request.
  Time since last request: 3.058314 seconds.
  path: Assets/Scripts/Time/GameTime.cs
  artifactKey: Guid(d96dd9e9bde81bb45a1801ea03be215f) Importer(815301076,1909f56bfc062723c751e8b465ee728b)
Start importing Assets/Scripts/Time/GameTime.cs using Guid(d96dd9e9bde81bb45a1801ea03be215f) Importer(815301076,1909f56bfc062723c751e8b465ee728b)  -> (artifact id: '8d604a30780f41a6e8d6d40d6bef0671') in 0.001656 seconds 
